<?xml version="1.0" encoding="UTF-8"?>
<testsuite name="MortagePlanPackage.MortagePlanTest" tests="1" skipped="0" failures="0" errors="0" timestamp="2019-12-12T19:04:46" hostname="SebastiansDator" time="0.001">
  <properties/>
  <testcase name="testMortagePlan" classname="MortagePlanPackage.MortagePlanTest" time="0.001"/>
  <system-out><![CDATA[]]></system-out>
  <system-err><![CDATA[]]></system-err>
</testsuite>
